ď»ż
> ai-student-chatbot@0.1.0 build
> next build

Î“Ă»â–“ Next.js 16.2.1 (Turbopack)
- Environments: .env.local

  Creating an optimized production build ...
Î“ÂŁĂ´ Compiled successfully in 7.2s
  Running TypeScript ...
  Finished TypeScript in 6.0s ...
  Collecting page data using 7 workers ...
  Generating static pages using 7 workers (0/18) ...
  Generating static pages using 7 workers (4/18) 
  Generating static pages using 7 workers (8/18) 
  Generating static pages using 7 workers (13/18) 
Î“ÂŁĂ´ Generating static pages using 7 workers (18/18) in 848ms
  Finalizing page optimization ...

Route (app)
Î“Ă¶Ă® Î“ĂąĂŻ /
Î“Ă¶ÂŁ Î“ĂąĂŻ /_not-found
Î“Ă¶ÂŁ â•žĂ† /api/chat
Î“Ă¶ÂŁ â•žĂ† /api/notes
Î“Ă¶ÂŁ â•žĂ† /api/resources
Î“Ă¶ÂŁ â•žĂ† /api/transcribe
Î“Ă¶ÂŁ â•žĂ† /api/upload
Î“Ă¶ÂŁ â•žĂ† /api/youtube
Î“Ă¶ÂŁ Î“ĂąĂŻ /chat
Î“Ă¶ÂŁ Î“ĂąĂŻ /dashboard
Î“Ă¶ÂŁ Î“ĂąĂŻ /history
Î“Ă¶ÂŁ Î“ĂąĂŻ /login
Î“Ă¶ÂŁ Î“ĂąĂŻ /notes
Î“Ă¶ÂŁ Î“ĂąĂŻ /profile
Î“Ă¶ÂŁ Î“ĂąĂŻ /signup
Î“Ă¶Ă¶ Î“ĂąĂŻ /uploads


Î“ĂąĂŻ  (Static)   prerendered as static content
â•žĂ†  (Dynamic)  server-rendered on demand

